<testsuites id="" name="" tests="18" failures="0" skipped="0" errors="0" time="6.0742899999999995">
<testsuite name="security/workspace-security.spec.ts" timestamp="2026-01-02T07:46:14.795Z" hostname="chromium" tests="6" failures="0" skipped="0" time="0.631" errors="0">
<testcase name="@security Workspace Security › [P0] should prevent NeuralDeck source directory as workspace" classname="security/workspace-security.spec.ts" time="0.391">
</testcase>
<testcase name="@security Workspace Security › [P0] should prevent parent of NeuralDeck directory" classname="security/workspace-security.spec.ts" time="0.041">
</testcase>
<testcase name="@security Workspace Security › [P0] should prevent system directories" classname="security/workspace-security.spec.ts" time="0.019">
</testcase>
<testcase name="@security Workspace Security › [P0] should allow valid workspace directory" classname="security/workspace-security.spec.ts" time="0.032">
</testcase>
<testcase name="@security Workspace Security › [P0] workspace creation and activation flow" classname="security/workspace-security.spec.ts" time="0.071">
</testcase>
<testcase name="@security Workspace Security › [P0] file operations should respect workspace boundaries" classname="security/workspace-security.spec.ts" time="0.077">
</testcase>
</testsuite>
<testsuite name="security/workspace-security.spec.ts" timestamp="2026-01-02T07:46:14.795Z" hostname="firefox" tests="6" failures="0" skipped="0" time="0.441" errors="0">
<testcase name="@security Workspace Security › [P0] should prevent NeuralDeck source directory as workspace" classname="security/workspace-security.spec.ts" time="0.345">
</testcase>
<testcase name="@security Workspace Security › [P0] should prevent parent of NeuralDeck directory" classname="security/workspace-security.spec.ts" time="0.017">
</testcase>
<testcase name="@security Workspace Security › [P0] should prevent system directories" classname="security/workspace-security.spec.ts" time="0.01">
</testcase>
<testcase name="@security Workspace Security › [P0] should allow valid workspace directory" classname="security/workspace-security.spec.ts" time="0.012">
</testcase>
<testcase name="@security Workspace Security › [P0] workspace creation and activation flow" classname="security/workspace-security.spec.ts" time="0.03">
</testcase>
<testcase name="@security Workspace Security › [P0] file operations should respect workspace boundaries" classname="security/workspace-security.spec.ts" time="0.027">
</testcase>
</testsuite>
<testsuite name="security/workspace-security.spec.ts" timestamp="2026-01-02T07:46:14.795Z" hostname="webkit" tests="6" failures="0" skipped="0" time="0.433" errors="0">
<testcase name="@security Workspace Security › [P0] should prevent NeuralDeck source directory as workspace" classname="security/workspace-security.spec.ts" time="0.343">
</testcase>
<testcase name="@security Workspace Security › [P0] should prevent parent of NeuralDeck directory" classname="security/workspace-security.spec.ts" time="0.016">
</testcase>
<testcase name="@security Workspace Security › [P0] should prevent system directories" classname="security/workspace-security.spec.ts" time="0.01">
</testcase>
<testcase name="@security Workspace Security › [P0] should allow valid workspace directory" classname="security/workspace-security.spec.ts" time="0.012">
</testcase>
<testcase name="@security Workspace Security › [P0] workspace creation and activation flow" classname="security/workspace-security.spec.ts" time="0.027">
</testcase>
<testcase name="@security Workspace Security › [P0] file operations should respect workspace boundaries" classname="security/workspace-security.spec.ts" time="0.025">
</testcase>
</testsuite>
</testsuites>